2015/03/20 11:33:25 [error] [php] Trying to get property of non-object (C:\wamp\www\heroshowroom\protected\views\layouts\main.php:35)
Stack trace:
#0 C:\wamp\www\yii\framework\web\widgets\CContentDecorator.php(76): SiteController->renderFile()
#1 C:\wamp\www\yii\framework\web\widgets\CContentDecorator.php(54): CContentDecorator->decorate()
#2 C:\wamp\www\yii\framework\web\widgets\COutputProcessor.php(44): CContentDecorator->processOutput()
#3 C:\wamp\www\yii\framework\web\CBaseController.php(206): CContentDecorator->run()
#4 C:\wamp\www\yii\framework\web\CBaseController.php(300): SiteController->endWidget()
#5 C:\wamp\www\heroshowroom\protected\views\layouts\column1.php(6): SiteController->endContent()
#6 C:\wamp\www\yii\framework\web\CBaseController.php(126): require()
#7 C:\wamp\www\yii\framework\web\CBaseController.php(95): SiteController->renderInternal()
#8 C:\wamp\www\yii\framework\web\CController.php(784): SiteController->renderFile()
#9 C:\wamp\www\heroshowroom\protected\controllers\SiteController.php(98): SiteController->render()
#10 C:\wamp\www\yii\framework\web\actions\CInlineAction.php(49): SiteController->actionLogin()
#11 C:\wamp\www\yii\framework\web\CController.php(308): CInlineAction->runWithParams()
#12 C:\wamp\www\yii\framework\web\CController.php(286): SiteController->runAction()
#13 C:\wamp\www\yii\framework\web\CController.php(265): SiteController->runActionWithFilters()
#14 C:\wamp\www\yii\framework\web\CWebApplication.php(282): SiteController->run()
#15 C:\wamp\www\yii\framework\web\CWebApplication.php(141): CWebApplication->runController()
#16 C:\wamp\www\yii\framework\base\CApplication.php(180): CWebApplication->processRequest()
#17 C:\wamp\www\heroshowroom\index.php(13): CWebApplication->run()
REQUEST_URI=/heroshowroom/index.php/site/login
in C:\wamp\www\heroshowroom\protected\views\layouts\main.php (35)
in C:\wamp\www\heroshowroom\protected\views\layouts\column1.php (6)
in C:\wamp\www\heroshowroom\protected\controllers\SiteController.php (98)
2015/03/20 11:34:45 [error] [php] Trying to get property of non-object (C:\wamp\www\heroshowroom\protected\views\layouts\main.php:35)
Stack trace:
#0 C:\wamp\www\yii\framework\web\widgets\CContentDecorator.php(76): SiteController->renderFile()
#1 C:\wamp\www\yii\framework\web\widgets\CContentDecorator.php(54): CContentDecorator->decorate()
#2 C:\wamp\www\yii\framework\web\widgets\COutputProcessor.php(44): CContentDecorator->processOutput()
#3 C:\wamp\www\yii\framework\web\CBaseController.php(206): CContentDecorator->run()
#4 C:\wamp\www\yii\framework\web\CBaseController.php(300): SiteController->endWidget()
#5 C:\wamp\www\heroshowroom\protected\views\layouts\column1.php(6): SiteController->endContent()
#6 C:\wamp\www\yii\framework\web\CBaseController.php(126): require()
#7 C:\wamp\www\yii\framework\web\CBaseController.php(95): SiteController->renderInternal()
#8 C:\wamp\www\yii\framework\web\CController.php(784): SiteController->renderFile()
#9 C:\wamp\www\heroshowroom\protected\controllers\SiteController.php(98): SiteController->render()
#10 C:\wamp\www\yii\framework\web\actions\CInlineAction.php(49): SiteController->actionLogin()
#11 C:\wamp\www\yii\framework\web\CController.php(308): CInlineAction->runWithParams()
#12 C:\wamp\www\yii\framework\web\CController.php(286): SiteController->runAction()
#13 C:\wamp\www\yii\framework\web\CController.php(265): SiteController->runActionWithFilters()
#14 C:\wamp\www\yii\framework\web\CWebApplication.php(282): SiteController->run()
#15 C:\wamp\www\yii\framework\web\CWebApplication.php(141): CWebApplication->runController()
#16 C:\wamp\www\yii\framework\base\CApplication.php(180): CWebApplication->processRequest()
#17 C:\wamp\www\heroshowroom\index.php(13): CWebApplication->run()
REQUEST_URI=/heroshowroom/index.php/site/login
in C:\wamp\www\heroshowroom\protected\views\layouts\main.php (35)
in C:\wamp\www\heroshowroom\protected\views\layouts\column1.php (6)
in C:\wamp\www\heroshowroom\protected\controllers\SiteController.php (98)
2015/03/20 11:34:47 [error] [php] Trying to get property of non-object (C:\wamp\www\heroshowroom\protected\views\layouts\main.php:35)
Stack trace:
#0 C:\wamp\www\yii\framework\web\widgets\CContentDecorator.php(76): SiteController->renderFile()
#1 C:\wamp\www\yii\framework\web\widgets\CContentDecorator.php(54): CContentDecorator->decorate()
#2 C:\wamp\www\yii\framework\web\widgets\COutputProcessor.php(44): CContentDecorator->processOutput()
#3 C:\wamp\www\yii\framework\web\CBaseController.php(206): CContentDecorator->run()
#4 C:\wamp\www\yii\framework\web\CBaseController.php(300): SiteController->endWidget()
#5 C:\wamp\www\heroshowroom\protected\views\layouts\column1.php(6): SiteController->endContent()
#6 C:\wamp\www\yii\framework\web\CBaseController.php(126): require()
#7 C:\wamp\www\yii\framework\web\CBaseController.php(95): SiteController->renderInternal()
#8 C:\wamp\www\yii\framework\web\CController.php(784): SiteController->renderFile()
#9 C:\wamp\www\heroshowroom\protected\controllers\SiteController.php(32): SiteController->render()
#10 C:\wamp\www\yii\framework\web\actions\CInlineAction.php(49): SiteController->actionIndex()
#11 C:\wamp\www\yii\framework\web\CController.php(308): CInlineAction->runWithParams()
#12 C:\wamp\www\yii\framework\web\CController.php(286): SiteController->runAction()
#13 C:\wamp\www\yii\framework\web\CController.php(265): SiteController->runActionWithFilters()
#14 C:\wamp\www\yii\framework\web\CWebApplication.php(282): SiteController->run()
#15 C:\wamp\www\yii\framework\web\CWebApplication.php(141): CWebApplication->runController()
#16 C:\wamp\www\yii\framework\base\CApplication.php(180): CWebApplication->processRequest()
#17 C:\wamp\www\heroshowroom\index.php(13): CWebApplication->run()
REQUEST_URI=/heroshowroom/index.php
in C:\wamp\www\heroshowroom\protected\views\layouts\main.php (35)
in C:\wamp\www\heroshowroom\protected\views\layouts\column1.php (6)
in C:\wamp\www\heroshowroom\protected\controllers\SiteController.php (32)
2015/03/20 11:34:51 [error] [php] Trying to get property of non-object (C:\wamp\www\heroshowroom\protected\views\layouts\main.php:35)
Stack trace:
#0 C:\wamp\www\yii\framework\web\widgets\CContentDecorator.php(76): SiteController->renderFile()
#1 C:\wamp\www\yii\framework\web\widgets\CContentDecorator.php(54): CContentDecorator->decorate()
#2 C:\wamp\www\yii\framework\web\widgets\COutputProcessor.php(44): CContentDecorator->processOutput()
#3 C:\wamp\www\yii\framework\web\CBaseController.php(206): CContentDecorator->run()
#4 C:\wamp\www\yii\framework\web\CBaseController.php(300): SiteController->endWidget()
#5 C:\wamp\www\heroshowroom\protected\views\layouts\column1.php(6): SiteController->endContent()
#6 C:\wamp\www\yii\framework\web\CBaseController.php(126): require()
#7 C:\wamp\www\yii\framework\web\CBaseController.php(95): SiteController->renderInternal()
#8 C:\wamp\www\yii\framework\web\CController.php(784): SiteController->renderFile()
#9 C:\wamp\www\heroshowroom\protected\controllers\SiteController.php(32): SiteController->render()
#10 C:\wamp\www\yii\framework\web\actions\CInlineAction.php(49): SiteController->actionIndex()
#11 C:\wamp\www\yii\framework\web\CController.php(308): CInlineAction->runWithParams()
#12 C:\wamp\www\yii\framework\web\CController.php(286): SiteController->runAction()
#13 C:\wamp\www\yii\framework\web\CController.php(265): SiteController->runActionWithFilters()
#14 C:\wamp\www\yii\framework\web\CWebApplication.php(282): SiteController->run()
#15 C:\wamp\www\yii\framework\web\CWebApplication.php(141): CWebApplication->runController()
#16 C:\wamp\www\yii\framework\base\CApplication.php(180): CWebApplication->processRequest()
#17 C:\wamp\www\heroshowroom\index.php(13): CWebApplication->run()
REQUEST_URI=/heroshowroom/index.php
in C:\wamp\www\heroshowroom\protected\views\layouts\main.php (35)
in C:\wamp\www\heroshowroom\protected\views\layouts\column1.php (6)
in C:\wamp\www\heroshowroom\protected\controllers\SiteController.php (32)
2015/03/20 11:36:24 [error] [php] Trying to get property of non-object (C:\wamp\www\heroshowroom\protected\views\layouts\main.php:35)
Stack trace:
#0 C:\wamp\www\yii\framework\web\widgets\CContentDecorator.php(76): SiteController->renderFile()
#1 C:\wamp\www\yii\framework\web\widgets\CContentDecorator.php(54): CContentDecorator->decorate()
#2 C:\wamp\www\yii\framework\web\widgets\COutputProcessor.php(44): CContentDecorator->processOutput()
#3 C:\wamp\www\yii\framework\web\CBaseController.php(206): CContentDecorator->run()
#4 C:\wamp\www\yii\framework\web\CBaseController.php(300): SiteController->endWidget()
#5 C:\wamp\www\heroshowroom\protected\views\layouts\column1.php(6): SiteController->endContent()
#6 C:\wamp\www\yii\framework\web\CBaseController.php(126): require()
#7 C:\wamp\www\yii\framework\web\CBaseController.php(95): SiteController->renderInternal()
#8 C:\wamp\www\yii\framework\web\CController.php(784): SiteController->renderFile()
#9 C:\wamp\www\heroshowroom\protected\controllers\SiteController.php(32): SiteController->render()
#10 C:\wamp\www\yii\framework\web\actions\CInlineAction.php(49): SiteController->actionIndex()
#11 C:\wamp\www\yii\framework\web\CController.php(308): CInlineAction->runWithParams()
#12 C:\wamp\www\yii\framework\web\CController.php(286): SiteController->runAction()
#13 C:\wamp\www\yii\framework\web\CController.php(265): SiteController->runActionWithFilters()
#14 C:\wamp\www\yii\framework\web\CWebApplication.php(282): SiteController->run()
#15 C:\wamp\www\yii\framework\web\CWebApplication.php(141): CWebApplication->runController()
#16 C:\wamp\www\yii\framework\base\CApplication.php(180): CWebApplication->processRequest()
#17 C:\wamp\www\heroshowroom\index.php(13): CWebApplication->run()
REQUEST_URI=/heroshowroom/index.php
in C:\wamp\www\heroshowroom\protected\views\layouts\main.php (35)
in C:\wamp\www\heroshowroom\protected\views\layouts\column1.php (6)
in C:\wamp\www\heroshowroom\protected\controllers\SiteController.php (32)
2015/03/20 11:36:25 [error] [php] Trying to get property of non-object (C:\wamp\www\heroshowroom\protected\views\layouts\main.php:35)
Stack trace:
#0 C:\wamp\www\yii\framework\web\widgets\CContentDecorator.php(76): SiteController->renderFile()
#1 C:\wamp\www\yii\framework\web\widgets\CContentDecorator.php(54): CContentDecorator->decorate()
#2 C:\wamp\www\yii\framework\web\widgets\COutputProcessor.php(44): CContentDecorator->processOutput()
#3 C:\wamp\www\yii\framework\web\CBaseController.php(206): CContentDecorator->run()
#4 C:\wamp\www\yii\framework\web\CBaseController.php(300): SiteController->endWidget()
#5 C:\wamp\www\heroshowroom\protected\views\layouts\column1.php(6): SiteController->endContent()
#6 C:\wamp\www\yii\framework\web\CBaseController.php(126): require()
#7 C:\wamp\www\yii\framework\web\CBaseController.php(95): SiteController->renderInternal()
#8 C:\wamp\www\yii\framework\web\CController.php(784): SiteController->renderFile()
#9 C:\wamp\www\heroshowroom\protected\controllers\SiteController.php(32): SiteController->render()
#10 C:\wamp\www\yii\framework\web\actions\CInlineAction.php(49): SiteController->actionIndex()
#11 C:\wamp\www\yii\framework\web\CController.php(308): CInlineAction->runWithParams()
#12 C:\wamp\www\yii\framework\web\CController.php(286): SiteController->runAction()
#13 C:\wamp\www\yii\framework\web\CController.php(265): SiteController->runActionWithFilters()
#14 C:\wamp\www\yii\framework\web\CWebApplication.php(282): SiteController->run()
#15 C:\wamp\www\yii\framework\web\CWebApplication.php(141): CWebApplication->runController()
#16 C:\wamp\www\yii\framework\base\CApplication.php(180): CWebApplication->processRequest()
#17 C:\wamp\www\heroshowroom\index.php(13): CWebApplication->run()
REQUEST_URI=/heroshowroom/index.php
in C:\wamp\www\heroshowroom\protected\views\layouts\main.php (35)
in C:\wamp\www\heroshowroom\protected\views\layouts\column1.php (6)
in C:\wamp\www\heroshowroom\protected\controllers\SiteController.php (32)
2015/03/20 11:36:25 [error] [php] Trying to get property of non-object (C:\wamp\www\heroshowroom\protected\views\layouts\main.php:35)
Stack trace:
#0 C:\wamp\www\yii\framework\web\widgets\CContentDecorator.php(76): SiteController->renderFile()
#1 C:\wamp\www\yii\framework\web\widgets\CContentDecorator.php(54): CContentDecorator->decorate()
#2 C:\wamp\www\yii\framework\web\widgets\COutputProcessor.php(44): CContentDecorator->processOutput()
#3 C:\wamp\www\yii\framework\web\CBaseController.php(206): CContentDecorator->run()
#4 C:\wamp\www\yii\framework\web\CBaseController.php(300): SiteController->endWidget()
#5 C:\wamp\www\heroshowroom\protected\views\layouts\column1.php(6): SiteController->endContent()
#6 C:\wamp\www\yii\framework\web\CBaseController.php(126): require()
#7 C:\wamp\www\yii\framework\web\CBaseController.php(95): SiteController->renderInternal()
#8 C:\wamp\www\yii\framework\web\CController.php(784): SiteController->renderFile()
#9 C:\wamp\www\heroshowroom\protected\controllers\SiteController.php(32): SiteController->render()
#10 C:\wamp\www\yii\framework\web\actions\CInlineAction.php(49): SiteController->actionIndex()
#11 C:\wamp\www\yii\framework\web\CController.php(308): CInlineAction->runWithParams()
#12 C:\wamp\www\yii\framework\web\CController.php(286): SiteController->runAction()
#13 C:\wamp\www\yii\framework\web\CController.php(265): SiteController->runActionWithFilters()
#14 C:\wamp\www\yii\framework\web\CWebApplication.php(282): SiteController->run()
#15 C:\wamp\www\yii\framework\web\CWebApplication.php(141): CWebApplication->runController()
#16 C:\wamp\www\yii\framework\base\CApplication.php(180): CWebApplication->processRequest()
#17 C:\wamp\www\heroshowroom\index.php(13): CWebApplication->run()
REQUEST_URI=/heroshowroom/index.php
in C:\wamp\www\heroshowroom\protected\views\layouts\main.php (35)
in C:\wamp\www\heroshowroom\protected\views\layouts\column1.php (6)
in C:\wamp\www\heroshowroom\protected\controllers\SiteController.php (32)
2015/03/20 11:36:25 [error] [php] Trying to get property of non-object (C:\wamp\www\heroshowroom\protected\views\layouts\main.php:35)
Stack trace:
#0 C:\wamp\www\yii\framework\web\widgets\CContentDecorator.php(76): SiteController->renderFile()
#1 C:\wamp\www\yii\framework\web\widgets\CContentDecorator.php(54): CContentDecorator->decorate()
#2 C:\wamp\www\yii\framework\web\widgets\COutputProcessor.php(44): CContentDecorator->processOutput()
#3 C:\wamp\www\yii\framework\web\CBaseController.php(206): CContentDecorator->run()
#4 C:\wamp\www\yii\framework\web\CBaseController.php(300): SiteController->endWidget()
#5 C:\wamp\www\heroshowroom\protected\views\layouts\column1.php(6): SiteController->endContent()
#6 C:\wamp\www\yii\framework\web\CBaseController.php(126): require()
#7 C:\wamp\www\yii\framework\web\CBaseController.php(95): SiteController->renderInternal()
#8 C:\wamp\www\yii\framework\web\CController.php(784): SiteController->renderFile()
#9 C:\wamp\www\heroshowroom\protected\controllers\SiteController.php(32): SiteController->render()
#10 C:\wamp\www\yii\framework\web\actions\CInlineAction.php(49): SiteController->actionIndex()
#11 C:\wamp\www\yii\framework\web\CController.php(308): CInlineAction->runWithParams()
#12 C:\wamp\www\yii\framework\web\CController.php(286): SiteController->runAction()
#13 C:\wamp\www\yii\framework\web\CController.php(265): SiteController->runActionWithFilters()
#14 C:\wamp\www\yii\framework\web\CWebApplication.php(282): SiteController->run()
#15 C:\wamp\www\yii\framework\web\CWebApplication.php(141): CWebApplication->runController()
#16 C:\wamp\www\yii\framework\base\CApplication.php(180): CWebApplication->processRequest()
#17 C:\wamp\www\heroshowroom\index.php(13): CWebApplication->run()
REQUEST_URI=/heroshowroom/index.php
in C:\wamp\www\heroshowroom\protected\views\layouts\main.php (35)
in C:\wamp\www\heroshowroom\protected\views\layouts\column1.php (6)
in C:\wamp\www\heroshowroom\protected\controllers\SiteController.php (32)
2015/03/20 11:36:25 [error] [php] Trying to get property of non-object (C:\wamp\www\heroshowroom\protected\views\layouts\main.php:35)
Stack trace:
#0 C:\wamp\www\yii\framework\web\widgets\CContentDecorator.php(76): SiteController->renderFile()
#1 C:\wamp\www\yii\framework\web\widgets\CContentDecorator.php(54): CContentDecorator->decorate()
#2 C:\wamp\www\yii\framework\web\widgets\COutputProcessor.php(44): CContentDecorator->processOutput()
#3 C:\wamp\www\yii\framework\web\CBaseController.php(206): CContentDecorator->run()
#4 C:\wamp\www\yii\framework\web\CBaseController.php(300): SiteController->endWidget()
#5 C:\wamp\www\heroshowroom\protected\views\layouts\column1.php(6): SiteController->endContent()
#6 C:\wamp\www\yii\framework\web\CBaseController.php(126): require()
#7 C:\wamp\www\yii\framework\web\CBaseController.php(95): SiteController->renderInternal()
#8 C:\wamp\www\yii\framework\web\CController.php(784): SiteController->renderFile()
#9 C:\wamp\www\heroshowroom\protected\controllers\SiteController.php(32): SiteController->render()
#10 C:\wamp\www\yii\framework\web\actions\CInlineAction.php(49): SiteController->actionIndex()
#11 C:\wamp\www\yii\framework\web\CController.php(308): CInlineAction->runWithParams()
#12 C:\wamp\www\yii\framework\web\CController.php(286): SiteController->runAction()
#13 C:\wamp\www\yii\framework\web\CController.php(265): SiteController->runActionWithFilters()
#14 C:\wamp\www\yii\framework\web\CWebApplication.php(282): SiteController->run()
#15 C:\wamp\www\yii\framework\web\CWebApplication.php(141): CWebApplication->runController()
#16 C:\wamp\www\yii\framework\base\CApplication.php(180): CWebApplication->processRequest()
#17 C:\wamp\www\heroshowroom\index.php(13): CWebApplication->run()
REQUEST_URI=/heroshowroom/index.php
in C:\wamp\www\heroshowroom\protected\views\layouts\main.php (35)
in C:\wamp\www\heroshowroom\protected\views\layouts\column1.php (6)
in C:\wamp\www\heroshowroom\protected\controllers\SiteController.php (32)
2015/03/20 11:36:26 [error] [php] Trying to get property of non-object (C:\wamp\www\heroshowroom\protected\views\layouts\main.php:35)
Stack trace:
#0 C:\wamp\www\yii\framework\web\widgets\CContentDecorator.php(76): SiteController->renderFile()
#1 C:\wamp\www\yii\framework\web\widgets\CContentDecorator.php(54): CContentDecorator->decorate()
#2 C:\wamp\www\yii\framework\web\widgets\COutputProcessor.php(44): CContentDecorator->processOutput()
#3 C:\wamp\www\yii\framework\web\CBaseController.php(206): CContentDecorator->run()
#4 C:\wamp\www\yii\framework\web\CBaseController.php(300): SiteController->endWidget()
#5 C:\wamp\www\heroshowroom\protected\views\layouts\column1.php(6): SiteController->endContent()
#6 C:\wamp\www\yii\framework\web\CBaseController.php(126): require()
#7 C:\wamp\www\yii\framework\web\CBaseController.php(95): SiteController->renderInternal()
#8 C:\wamp\www\yii\framework\web\CController.php(784): SiteController->renderFile()
#9 C:\wamp\www\heroshowroom\protected\controllers\SiteController.php(32): SiteController->render()
#10 C:\wamp\www\yii\framework\web\actions\CInlineAction.php(49): SiteController->actionIndex()
#11 C:\wamp\www\yii\framework\web\CController.php(308): CInlineAction->runWithParams()
#12 C:\wamp\www\yii\framework\web\CController.php(286): SiteController->runAction()
#13 C:\wamp\www\yii\framework\web\CController.php(265): SiteController->runActionWithFilters()
#14 C:\wamp\www\yii\framework\web\CWebApplication.php(282): SiteController->run()
#15 C:\wamp\www\yii\framework\web\CWebApplication.php(141): CWebApplication->runController()
#16 C:\wamp\www\yii\framework\base\CApplication.php(180): CWebApplication->processRequest()
#17 C:\wamp\www\heroshowroom\index.php(13): CWebApplication->run()
REQUEST_URI=/heroshowroom/index.php
in C:\wamp\www\heroshowroom\protected\views\layouts\main.php (35)
in C:\wamp\www\heroshowroom\protected\views\layouts\column1.php (6)
in C:\wamp\www\heroshowroom\protected\controllers\SiteController.php (32)
2015/03/20 11:36:26 [error] [php] Trying to get property of non-object (C:\wamp\www\heroshowroom\protected\views\layouts\main.php:35)
Stack trace:
#0 C:\wamp\www\yii\framework\web\widgets\CContentDecorator.php(76): SiteController->renderFile()
#1 C:\wamp\www\yii\framework\web\widgets\CContentDecorator.php(54): CContentDecorator->decorate()
#2 C:\wamp\www\yii\framework\web\widgets\COutputProcessor.php(44): CContentDecorator->processOutput()
#3 C:\wamp\www\yii\framework\web\CBaseController.php(206): CContentDecorator->run()
#4 C:\wamp\www\yii\framework\web\CBaseController.php(300): SiteController->endWidget()
#5 C:\wamp\www\heroshowroom\protected\views\layouts\column1.php(6): SiteController->endContent()
#6 C:\wamp\www\yii\framework\web\CBaseController.php(126): require()
#7 C:\wamp\www\yii\framework\web\CBaseController.php(95): SiteController->renderInternal()
#8 C:\wamp\www\yii\framework\web\CController.php(784): SiteController->renderFile()
#9 C:\wamp\www\heroshowroom\protected\controllers\SiteController.php(32): SiteController->render()
#10 C:\wamp\www\yii\framework\web\actions\CInlineAction.php(49): SiteController->actionIndex()
#11 C:\wamp\www\yii\framework\web\CController.php(308): CInlineAction->runWithParams()
#12 C:\wamp\www\yii\framework\web\CController.php(286): SiteController->runAction()
#13 C:\wamp\www\yii\framework\web\CController.php(265): SiteController->runActionWithFilters()
#14 C:\wamp\www\yii\framework\web\CWebApplication.php(282): SiteController->run()
#15 C:\wamp\www\yii\framework\web\CWebApplication.php(141): CWebApplication->runController()
#16 C:\wamp\www\yii\framework\base\CApplication.php(180): CWebApplication->processRequest()
#17 C:\wamp\www\heroshowroom\index.php(13): CWebApplication->run()
REQUEST_URI=/heroshowroom/index.php
in C:\wamp\www\heroshowroom\protected\views\layouts\main.php (35)
in C:\wamp\www\heroshowroom\protected\views\layouts\column1.php (6)
in C:\wamp\www\heroshowroom\protected\controllers\SiteController.php (32)
2015/03/20 11:36:26 [error] [php] Trying to get property of non-object (C:\wamp\www\heroshowroom\protected\views\layouts\main.php:35)
Stack trace:
#0 C:\wamp\www\yii\framework\web\widgets\CContentDecorator.php(76): SiteController->renderFile()
#1 C:\wamp\www\yii\framework\web\widgets\CContentDecorator.php(54): CContentDecorator->decorate()
#2 C:\wamp\www\yii\framework\web\widgets\COutputProcessor.php(44): CContentDecorator->processOutput()
#3 C:\wamp\www\yii\framework\web\CBaseController.php(206): CContentDecorator->run()
#4 C:\wamp\www\yii\framework\web\CBaseController.php(300): SiteController->endWidget()
#5 C:\wamp\www\heroshowroom\protected\views\layouts\column1.php(6): SiteController->endContent()
#6 C:\wamp\www\yii\framework\web\CBaseController.php(126): require()
#7 C:\wamp\www\yii\framework\web\CBaseController.php(95): SiteController->renderInternal()
#8 C:\wamp\www\yii\framework\web\CController.php(784): SiteController->renderFile()
#9 C:\wamp\www\heroshowroom\protected\controllers\SiteController.php(32): SiteController->render()
#10 C:\wamp\www\yii\framework\web\actions\CInlineAction.php(49): SiteController->actionIndex()
#11 C:\wamp\www\yii\framework\web\CController.php(308): CInlineAction->runWithParams()
#12 C:\wamp\www\yii\framework\web\CController.php(286): SiteController->runAction()
#13 C:\wamp\www\yii\framework\web\CController.php(265): SiteController->runActionWithFilters()
#14 C:\wamp\www\yii\framework\web\CWebApplication.php(282): SiteController->run()
#15 C:\wamp\www\yii\framework\web\CWebApplication.php(141): CWebApplication->runController()
#16 C:\wamp\www\yii\framework\base\CApplication.php(180): CWebApplication->processRequest()
#17 C:\wamp\www\heroshowroom\index.php(13): CWebApplication->run()
REQUEST_URI=/heroshowroom/index.php
in C:\wamp\www\heroshowroom\protected\views\layouts\main.php (35)
in C:\wamp\www\heroshowroom\protected\views\layouts\column1.php (6)
in C:\wamp\www\heroshowroom\protected\controllers\SiteController.php (32)
2015/03/20 11:36:26 [error] [php] Trying to get property of non-object (C:\wamp\www\heroshowroom\protected\views\layouts\main.php:35)
Stack trace:
#0 C:\wamp\www\yii\framework\web\widgets\CContentDecorator.php(76): SiteController->renderFile()
#1 C:\wamp\www\yii\framework\web\widgets\CContentDecorator.php(54): CContentDecorator->decorate()
#2 C:\wamp\www\yii\framework\web\widgets\COutputProcessor.php(44): CContentDecorator->processOutput()
#3 C:\wamp\www\yii\framework\web\CBaseController.php(206): CContentDecorator->run()
#4 C:\wamp\www\yii\framework\web\CBaseController.php(300): SiteController->endWidget()
#5 C:\wamp\www\heroshowroom\protected\views\layouts\column1.php(6): SiteController->endContent()
#6 C:\wamp\www\yii\framework\web\CBaseController.php(126): require()
#7 C:\wamp\www\yii\framework\web\CBaseController.php(95): SiteController->renderInternal()
#8 C:\wamp\www\yii\framework\web\CController.php(784): SiteController->renderFile()
#9 C:\wamp\www\heroshowroom\protected\controllers\SiteController.php(32): SiteController->render()
#10 C:\wamp\www\yii\framework\web\actions\CInlineAction.php(49): SiteController->actionIndex()
#11 C:\wamp\www\yii\framework\web\CController.php(308): CInlineAction->runWithParams()
#12 C:\wamp\www\yii\framework\web\CController.php(286): SiteController->runAction()
#13 C:\wamp\www\yii\framework\web\CController.php(265): SiteController->runActionWithFilters()
#14 C:\wamp\www\yii\framework\web\CWebApplication.php(282): SiteController->run()
#15 C:\wamp\www\yii\framework\web\CWebApplication.php(141): CWebApplication->runController()
#16 C:\wamp\www\yii\framework\base\CApplication.php(180): CWebApplication->processRequest()
#17 C:\wamp\www\heroshowroom\index.php(13): CWebApplication->run()
REQUEST_URI=/heroshowroom/index.php
in C:\wamp\www\heroshowroom\protected\views\layouts\main.php (35)
in C:\wamp\www\heroshowroom\protected\views\layouts\column1.php (6)
in C:\wamp\www\heroshowroom\protected\controllers\SiteController.php (32)
2015/03/20 11:37:20 [error] [exception.CDbException] exception 'CDbException' with message 'Active record "User" is trying to select an invalid column "user.lastvisit_at". Note, the column must exist in the table or be an expression with alias.' in C:\wamp\www\yii\framework\db\ar\CActiveFinder.php:960
Stack trace:
#0 C:\wamp\www\yii\framework\db\ar\CActiveFinder.php(1261): CJoinElement->getColumnSelect(Array)
#1 C:\wamp\www\yii\framework\db\ar\CActiveFinder.php(433): CJoinQuery->__construct(Object(CJoinElement), Object(CDbCriteria))
#2 C:\wamp\www\yii\framework\db\ar\CActiveFinder.php(68): CJoinElement->find(Object(CDbCriteria))
#3 C:\wamp\www\yii\framework\db\ar\CActiveRecord.php(1356): CActiveFinder->query(Object(CDbCriteria), false)
#4 C:\wamp\www\yii\framework\db\ar\CActiveRecord.php(1519): CActiveRecord->query(Object(CDbCriteria))
#5 C:\wamp\www\heroshowroom\protected\modules\user\components\UserIdentity.php(27): CActiveRecord->findByAttributes(Array)
#6 C:\wamp\www\heroshowroom\protected\modules\user\models\UserLogin.php(52): UserIdentity->authenticate()
#7 C:\wamp\www\yii\framework\validators\CInlineValidator.php(42): UserLogin->authenticate('password', Array)
#8 C:\wamp\www\yii\framework\validators\CValidator.php(213): CInlineValidator->validateAttribute(Object(UserLogin), 'password')
#9 C:\wamp\www\yii\framework\base\CModel.php(159): CValidator->validate(Object(UserLogin), NULL)
#10 C:\wamp\www\heroshowroom\protected\modules\user\controllers\LoginController.php(19): CModel->validate()
#11 C:\wamp\www\yii\framework\web\actions\CInlineAction.php(49): LoginController->actionLogin()
#12 C:\wamp\www\yii\framework\web\CController.php(308): CInlineAction->runWithParams(Array)
#13 C:\wamp\www\yii\framework\web\CController.php(286): CController->runAction(Object(CInlineAction))
#14 C:\wamp\www\yii\framework\web\CController.php(265): CController->runActionWithFilters(Object(CInlineAction), Array)
#15 C:\wamp\www\yii\framework\web\CWebApplication.php(282): CController->run('')
#16 C:\wamp\www\yii\framework\web\CWebApplication.php(141): CWebApplication->runController('user/login')
#17 C:\wamp\www\yii\framework\base\CApplication.php(180): CWebApplication->processRequest()
#18 C:\wamp\www\heroshowroom\index.php(13): CApplication->run()
#19 {main}
REQUEST_URI=/heroshowroom/index.php/user/login
HTTP_REFERER=http://localhost/heroshowroom/index.php/user/login
---
2015/03/20 11:42:09 [error] [exception.CDbException] exception 'CDbException' with message 'Active record "User" is trying to select an invalid column "user.lastvisit_at". Note, the column must exist in the table or be an expression with alias.' in C:\wamp\www\yii\framework\db\ar\CActiveFinder.php:960
Stack trace:
#0 C:\wamp\www\yii\framework\db\ar\CActiveFinder.php(1261): CJoinElement->getColumnSelect(Array)
#1 C:\wamp\www\yii\framework\db\ar\CActiveFinder.php(433): CJoinQuery->__construct(Object(CJoinElement), Object(CDbCriteria))
#2 C:\wamp\www\yii\framework\db\ar\CActiveFinder.php(68): CJoinElement->find(Object(CDbCriteria))
#3 C:\wamp\www\yii\framework\db\ar\CActiveRecord.php(1356): CActiveFinder->query(Object(CDbCriteria), false)
#4 C:\wamp\www\yii\framework\db\ar\CActiveRecord.php(1519): CActiveRecord->query(Object(CDbCriteria))
#5 C:\wamp\www\heroshowroom\protected\modules\user\components\UserIdentity.php(27): CActiveRecord->findByAttributes(Array)
#6 C:\wamp\www\heroshowroom\protected\modules\user\models\UserLogin.php(52): UserIdentity->authenticate()
#7 C:\wamp\www\yii\framework\validators\CInlineValidator.php(42): UserLogin->authenticate('password', Array)
#8 C:\wamp\www\yii\framework\validators\CValidator.php(213): CInlineValidator->validateAttribute(Object(UserLogin), 'password')
#9 C:\wamp\www\yii\framework\base\CModel.php(159): CValidator->validate(Object(UserLogin), NULL)
#10 C:\wamp\www\heroshowroom\protected\modules\user\controllers\LoginController.php(19): CModel->validate()
#11 C:\wamp\www\yii\framework\web\actions\CInlineAction.php(49): LoginController->actionLogin()
#12 C:\wamp\www\yii\framework\web\CController.php(308): CInlineAction->runWithParams(Array)
#13 C:\wamp\www\yii\framework\web\CController.php(286): CController->runAction(Object(CInlineAction))
#14 C:\wamp\www\yii\framework\web\CController.php(265): CController->runActionWithFilters(Object(CInlineAction), Array)
#15 C:\wamp\www\yii\framework\web\CWebApplication.php(282): CController->run('')
#16 C:\wamp\www\yii\framework\web\CWebApplication.php(141): CWebApplication->runController('user/login')
#17 C:\wamp\www\yii\framework\base\CApplication.php(180): CWebApplication->processRequest()
#18 C:\wamp\www\heroshowroom\index.php(13): CApplication->run()
#19 {main}
REQUEST_URI=/heroshowroom/index.php/user/login
HTTP_REFERER=http://localhost/heroshowroom/index.php/user/login
---
2015/03/20 15:37:58 [error] [exception.CHttpException.403] exception 'CHttpException' with message 'You are not authorized to perform this action.' in C:\wamp\www\yii\framework\web\auth\CAccessControlFilter.php:182
Stack trace:
#0 C:\wamp\www\yii\framework\web\auth\CAccessControlFilter.php(145): CAccessControlFilter->accessDenied(Object(WebUser), 'You are not aut...')
#1 C:\wamp\www\yii\framework\web\filters\CFilter.php(38): CAccessControlFilter->preFilter(Object(CFilterChain))
#2 C:\wamp\www\yii\framework\web\CController.php(1145): CFilter->filter(Object(CFilterChain))
#3 C:\wamp\www\yii\framework\web\filters\CInlineFilter.php(58): CController->filterAccessControl(Object(CFilterChain))
#4 C:\wamp\www\yii\framework\web\filters\CFilterChain.php(130): CInlineFilter->filter(Object(CFilterChain))
#5 C:\wamp\www\yii\framework\web\CController.php(291): CFilterChain->run()
#6 C:\wamp\www\yii\framework\web\CController.php(265): CController->runActionWithFilters(Object(CInlineAction), Array)
#7 C:\wamp\www\yii\framework\web\CWebApplication.php(282): CController->run('')
#8 C:\wamp\www\yii\framework\web\CWebApplication.php(141): CWebApplication->runController('user/admin')
#9 C:\wamp\www\yii\framework\base\CApplication.php(180): CWebApplication->processRequest()
#10 C:\wamp\www\heroshowroom\index.php(13): CApplication->run()
#11 {main}
REQUEST_URI=/heroshowroom/index.php/user/admin
HTTP_REFERER=http://localhost/heroshowroom/index.php/user/login
---
2015/03/20 15:55:44 [warning] [application] Failed to set unsafe attribute "verifyCode" of "RegistrationForm".
in C:\wamp\www\heroshowroom\protected\modules\user\controllers\RegistrationController.php (30)
in C:\wamp\www\heroshowroom\index.php (13)
2015/03/20 15:58:50 [warning] [application] Failed to set unsafe attribute "verifyCode" of "RegistrationForm".
in C:\wamp\www\heroshowroom\protected\modules\user\controllers\RegistrationController.php (30)
in C:\wamp\www\heroshowroom\index.php (13)
2015/03/20 15:59:48 [warning] [application] Failed to set unsafe attribute "verifyCode" of "RegistrationForm".
in C:\wamp\www\heroshowroom\protected\modules\user\controllers\RegistrationController.php (30)
in C:\wamp\www\heroshowroom\index.php (13)
2015/03/20 16:00:53 [warning] [application] Failed to set unsafe attribute "verifyCode" of "RegistrationForm".
in C:\wamp\www\heroshowroom\protected\modules\user\controllers\RegistrationController.php (30)
in C:\wamp\www\heroshowroom\index.php (13)
2015/03/20 16:04:27 [warning] [application] Failed to set unsafe attribute "verifyCode" of "RegistrationForm".
in C:\wamp\www\heroshowroom\protected\modules\user\controllers\RegistrationController.php (30)
in C:\wamp\www\heroshowroom\index.php (13)
2015/03/20 16:05:09 [warning] [application] Failed to set unsafe attribute "verifyCode" of "RegistrationForm".
in C:\wamp\www\heroshowroom\protected\modules\user\controllers\RegistrationController.php (30)
in C:\wamp\www\heroshowroom\index.php (13)
2015/03/20 16:12:14 [warning] [application] Failed to set unsafe attribute "verifyCode" of "RegistrationForm".
in C:\wamp\www\heroshowroom\protected\modules\user\controllers\RegistrationController.php (30)
in C:\wamp\www\heroshowroom\index.php (13)
2015/03/20 16:12:18 [warning] [application] Failed to set unsafe attribute "verifyCode" of "RegistrationForm".
in C:\wamp\www\heroshowroom\protected\modules\user\controllers\RegistrationController.php (30)
in C:\wamp\www\heroshowroom\index.php (13)
2015/03/20 16:14:12 [warning] [application] Failed to set unsafe attribute "verifyCode" of "RegistrationForm".
in C:\wamp\www\heroshowroom\protected\modules\user\controllers\RegistrationController.php (30)
in C:\wamp\www\heroshowroom\index.php (13)
2015/03/20 16:14:15 [warning] [application] Failed to set unsafe attribute "verifyCode" of "RegistrationForm".
in C:\wamp\www\heroshowroom\protected\modules\user\controllers\RegistrationController.php (30)
in C:\wamp\www\heroshowroom\index.php (13)
2015/03/20 16:14:38 [warning] [application] Failed to set unsafe attribute "verifyCode" of "RegistrationForm".
in C:\wamp\www\heroshowroom\protected\modules\user\controllers\RegistrationController.php (30)
in C:\wamp\www\heroshowroom\index.php (13)
2015/03/20 16:14:39 [warning] [application] Failed to set unsafe attribute "verifyCode" of "RegistrationForm".
in C:\wamp\www\heroshowroom\protected\modules\user\controllers\RegistrationController.php (30)
in C:\wamp\www\heroshowroom\index.php (13)
2015/03/20 16:16:41 [warning] [application] Failed to set unsafe attribute "verifyCode" of "RegistrationForm".
in C:\wamp\www\heroshowroom\protected\modules\user\controllers\RegistrationController.php (30)
in C:\wamp\www\heroshowroom\index.php (13)
2015/03/20 16:49:58 [warning] [application] Failed to set unsafe attribute "verifyCode" of "RegistrationForm".
in C:\wamp\www\heroshowroom\protected\modules\user\controllers\RegistrationController.php (30)
in C:\wamp\www\heroshowroom\index.php (13)
2015/03/20 16:51:42 [warning] [application] Failed to set unsafe attribute "verifyCode" of "RegistrationForm".
in C:\wamp\www\heroshowroom\protected\modules\user\controllers\RegistrationController.php (30)
in C:\wamp\www\heroshowroom\index.php (13)
2015/03/20 16:51:46 [warning] [application] Failed to set unsafe attribute "verifyCode" of "RegistrationForm".
in C:\wamp\www\heroshowroom\protected\modules\user\controllers\RegistrationController.php (30)
in C:\wamp\www\heroshowroom\index.php (13)
2015/03/20 16:51:46 [warning] [application] Failed to set unsafe attribute "verifyCode" of "RegistrationForm".
in C:\wamp\www\heroshowroom\protected\modules\user\controllers\RegistrationController.php (30)
in C:\wamp\www\heroshowroom\index.php (13)
2015/03/20 16:51:47 [warning] [application] Failed to set unsafe attribute "verifyCode" of "RegistrationForm".
in C:\wamp\www\heroshowroom\protected\modules\user\controllers\RegistrationController.php (30)
in C:\wamp\www\heroshowroom\index.php (13)
2015/03/20 16:51:47 [warning] [application] Failed to set unsafe attribute "verifyCode" of "RegistrationForm".
in C:\wamp\www\heroshowroom\protected\modules\user\controllers\RegistrationController.php (30)
in C:\wamp\www\heroshowroom\index.php (13)
2015/03/20 16:51:51 [warning] [application] Failed to set unsafe attribute "verifyCode" of "RegistrationForm".
in C:\wamp\www\heroshowroom\protected\modules\user\controllers\RegistrationController.php (30)
in C:\wamp\www\heroshowroom\index.php (13)
2015/03/20 16:54:50 [warning] [application] Failed to set unsafe attribute "verifyCode" of "RegistrationForm".
in C:\wamp\www\heroshowroom\protected\modules\user\controllers\RegistrationController.php (30)
in C:\wamp\www\heroshowroom\index.php (13)
2015/03/20 16:54:52 [warning] [application] Failed to set unsafe attribute "verifyCode" of "RegistrationForm".
in C:\wamp\www\heroshowroom\protected\modules\user\controllers\RegistrationController.php (30)
in C:\wamp\www\heroshowroom\index.php (13)
2015/03/20 16:56:29 [warning] [application] Failed to set unsafe attribute "verifyCode" of "RegistrationForm".
in C:\wamp\www\heroshowroom\protected\modules\user\controllers\RegistrationController.php (30)
in C:\wamp\www\heroshowroom\index.php (13)
2015/03/20 16:56:31 [warning] [application] Failed to set unsafe attribute "verifyCode" of "RegistrationForm".
in C:\wamp\www\heroshowroom\protected\modules\user\controllers\RegistrationController.php (30)
in C:\wamp\www\heroshowroom\index.php (13)
2015/03/20 17:06:02 [warning] [application] Failed to set unsafe attribute "verifyCode" of "RegistrationForm".
in C:\wamp\www\heroshowroom\protected\modules\user\controllers\RegistrationController.php (30)
in C:\wamp\www\heroshowroom\index.php (13)
2015/03/20 18:16:38 [error] [exception.CHttpException.404] exception 'CHttpException' with message 'The requested page does not exist.' in C:\wamp\www\heroshowroom\protected\modules\user\controllers\AdminController.php:182
Stack trace:
#0 C:\wamp\www\heroshowroom\protected\modules\user\controllers\AdminController.php(66): AdminController->loadModel()
#1 C:\wamp\www\yii\framework\web\actions\CInlineAction.php(49): AdminController->actionView()
#2 C:\wamp\www\yii\framework\web\CController.php(308): CInlineAction->runWithParams(Array)
#3 C:\wamp\www\yii\framework\web\filters\CFilterChain.php(133): CController->runAction(Object(CInlineAction))
#4 C:\wamp\www\yii\framework\web\filters\CFilter.php(40): CFilterChain->run()
#5 C:\wamp\www\yii\framework\web\CController.php(1145): CFilter->filter(Object(CFilterChain))
#6 C:\wamp\www\yii\framework\web\filters\CInlineFilter.php(58): CController->filterAccessControl(Object(CFilterChain))
#7 C:\wamp\www\yii\framework\web\filters\CFilterChain.php(130): CInlineFilter->filter(Object(CFilterChain))
#8 C:\wamp\www\yii\framework\web\CController.php(291): CFilterChain->run()
#9 C:\wamp\www\yii\framework\web\CController.php(265): CController->runActionWithFilters(Object(CInlineAction), Array)
#10 C:\wamp\www\yii\framework\web\CWebApplication.php(282): CController->run('view')
#11 C:\wamp\www\yii\framework\web\CWebApplication.php(141): CWebApplication->runController('user/admin/view...')
#12 C:\wamp\www\yii\framework\base\CApplication.php(180): CWebApplication->processRequest()
#13 C:\wamp\www\heroshowroom\index.php(13): CApplication->run()
#14 {main}
REQUEST_URI=/heroshowroom/index.php/user/admin/view/id/guidely.html
HTTP_REFERER=http://localhost/heroshowroom/index.php/user/admin/view/id/1
---
2015/03/20 18:16:43 [error] [exception.CHttpException.404] exception 'CHttpException' with message 'The requested page does not exist.' in C:\wamp\www\heroshowroom\protected\modules\user\controllers\AdminController.php:182
Stack trace:
#0 C:\wamp\www\heroshowroom\protected\modules\user\controllers\AdminController.php(66): AdminController->loadModel()
#1 C:\wamp\www\yii\framework\web\actions\CInlineAction.php(49): AdminController->actionView()
#2 C:\wamp\www\yii\framework\web\CController.php(308): CInlineAction->runWithParams(Array)
#3 C:\wamp\www\yii\framework\web\filters\CFilterChain.php(133): CController->runAction(Object(CInlineAction))
#4 C:\wamp\www\yii\framework\web\filters\CFilter.php(40): CFilterChain->run()
#5 C:\wamp\www\yii\framework\web\CController.php(1145): CFilter->filter(Object(CFilterChain))
#6 C:\wamp\www\yii\framework\web\filters\CInlineFilter.php(58): CController->filterAccessControl(Object(CFilterChain))
#7 C:\wamp\www\yii\framework\web\filters\CFilterChain.php(130): CInlineFilter->filter(Object(CFilterChain))
#8 C:\wamp\www\yii\framework\web\CController.php(291): CFilterChain->run()
#9 C:\wamp\www\yii\framework\web\CController.php(265): CController->runActionWithFilters(Object(CInlineAction), Array)
#10 C:\wamp\www\yii\framework\web\CWebApplication.php(282): CController->run('view')
#11 C:\wamp\www\yii\framework\web\CWebApplication.php(141): CWebApplication->runController('user/admin/view...')
#12 C:\wamp\www\yii\framework\base\CApplication.php(180): CWebApplication->processRequest()
#13 C:\wamp\www\heroshowroom\index.php(13): CApplication->run()
#14 {main}
REQUEST_URI=/heroshowroom/index.php/user/admin/view/id/faq.html
HTTP_REFERER=http://localhost/heroshowroom/index.php/user/admin/view/id/guidely.html
---
2015/03/21 03:24:37 [error] [exception.CHttpException.404] exception 'CHttpException' with message 'Unable to resolve the request "user/faq.html".' in C:\wamp\www\yii\framework\web\CWebApplication.php:286
Stack trace:
#0 C:\wamp\www\yii\framework\web\CWebApplication.php(141): CWebApplication->runController('user/faq.html')
#1 C:\wamp\www\yii\framework\base\CApplication.php(180): CWebApplication->processRequest()
#2 C:\wamp\www\heroshowroom\index.php(13): CApplication->run()
#3 {main}
REQUEST_URI=/heroshowroom/index.php/user/faq.html
HTTP_REFERER=http://localhost/heroshowroom/index.php/user/login
---
2015/03/21 03:24:39 [error] [exception.CHttpException.404] exception 'CHttpException' with message 'Unable to resolve the request "user/pricing.html".' in C:\wamp\www\yii\framework\web\CWebApplication.php:286
Stack trace:
#0 C:\wamp\www\yii\framework\web\CWebApplication.php(141): CWebApplication->runController('user/pricing.ht...')
#1 C:\wamp\www\yii\framework\base\CApplication.php(180): CWebApplication->processRequest()
#2 C:\wamp\www\heroshowroom\index.php(13): CApplication->run()
#3 {main}
REQUEST_URI=/heroshowroom/index.php/user/pricing.html
HTTP_REFERER=http://localhost/heroshowroom/index.php/user/faq.html
---
2015/03/21 04:40:08 [error] [exception.CHttpException.404] exception 'CHttpException' with message 'Unable to resolve the request "faq.html".' in C:\wamp\www\yii\framework\web\CWebApplication.php:286
Stack trace:
#0 C:\wamp\www\yii\framework\web\CWebApplication.php(141): CWebApplication->runController('faq.html')
#1 C:\wamp\www\yii\framework\base\CApplication.php(180): CWebApplication->processRequest()
#2 C:\wamp\www\heroshowroom\index.php(13): CApplication->run()
#3 {main}
REQUEST_URI=/heroshowroom/index.php/faq.html
HTTP_REFERER=http://localhost/heroshowroom/index.php/customers
---
2015/03/21 06:53:38 [error] [exception.CException] exception 'CException' with message 'Property "CActiveForm.class" is not defined.' in C:\wamp\www\yii\framework\base\CComponent.php:173
Stack trace:
#0 C:\wamp\www\yii\framework\web\CWidgetFactory.php(161): CComponent->__set('class', 'form-horizontal')
#1 C:\wamp\www\yii\framework\web\CBaseController.php(146): CWidgetFactory->createWidget(Object(CustomersController), 'CActiveForm', Array)
#2 C:\wamp\www\yii\framework\web\CBaseController.php(189): CBaseController->createWidget('CActiveForm', Array)
#3 C:\wamp\www\heroshowroom\protected\views\customers\_form.php(32): CBaseController->beginWidget('CActiveForm', Array)
#4 C:\wamp\www\yii\framework\web\CBaseController.php(126): require('C:\wamp\www\her...')
#5 C:\wamp\www\yii\framework\web\CBaseController.php(95): CBaseController->renderInternal('C:\wamp\www\her...', Array, true)
#6 C:\wamp\www\yii\framework\web\CController.php(869): CBaseController->renderFile('C:\wamp\www\her...', Array, true)
#7 C:\wamp\www\heroshowroom\protected\views\customers\create.php(18): CController->renderPartial('_form', Array)
#8 C:\wamp\www\yii\framework\web\CBaseController.php(126): require('C:\wamp\www\her...')
#9 C:\wamp\www\yii\framework\web\CBaseController.php(95): CBaseController->renderInternal('C:\wamp\www\her...', Array, true)
#10 C:\wamp\www\yii\framework\web\CController.php(869): CBaseController->renderFile('C:\wamp\www\her...', Array, true)
#11 C:\wamp\www\yii\framework\web\CController.php(782): CController->renderPartial('create', Array, true)
#12 C:\wamp\www\heroshowroom\protected\controllers\CustomersController.php(79): CController->render('create', Array)
#13 C:\wamp\www\yii\framework\web\actions\CInlineAction.php(49): CustomersController->actionCreate()
#14 C:\wamp\www\yii\framework\web\CController.php(308): CInlineAction->runWithParams(Array)
#15 C:\wamp\www\yii\framework\web\filters\CFilterChain.php(133): CController->runAction(Object(CInlineAction))
#16 C:\wamp\www\yii\framework\web\filters\CFilter.php(40): CFilterChain->run()
#17 C:\wamp\www\yii\framework\web\CController.php(1145): CFilter->filter(Object(CFilterChain))
#18 C:\wamp\www\yii\framework\web\filters\CInlineFilter.php(58): CController->filterAccessControl(Object(CFilterChain))
#19 C:\wamp\www\yii\framework\web\filters\CFilterChain.php(130): CInlineFilter->filter(Object(CFilterChain))
#20 C:\wamp\www\yii\framework\web\CController.php(291): CFilterChain->run()
#21 C:\wamp\www\yii\framework\web\CController.php(265): CController->runActionWithFilters(Object(CInlineAction), Array)
#22 C:\wamp\www\yii\framework\web\CWebApplication.php(282): CController->run('create')
#23 C:\wamp\www\yii\framework\web\CWebApplication.php(141): CWebApplication->runController('customers/creat...')
#24 C:\wamp\www\yii\framework\base\CApplication.php(180): CWebApplication->processRequest()
#25 C:\wamp\www\heroshowroom\index.php(13): CApplication->run()
#26 {main}
REQUEST_URI=/heroshowroom/index.php/customers/create
HTTP_REFERER=http://localhost/heroshowroom/index.php/customers/admin
---
2015/03/21 14:33:02 [error] [exception.CHttpException.404] exception 'CHttpException' with message 'The system is unable to find the requested action "faq.html".' in C:\wamp\www\yii\framework\web\CController.php:483
Stack trace:
#0 C:\wamp\www\yii\framework\web\CController.php(270): CController->missingAction('faq.html')
#1 C:\wamp\www\yii\framework\web\CWebApplication.php(282): CController->run('faq.html')
#2 C:\wamp\www\yii\framework\web\CWebApplication.php(141): CWebApplication->runController('customers/faq.h...')
#3 C:\wamp\www\yii\framework\base\CApplication.php(180): CWebApplication->processRequest()
#4 C:\wamp\www\heroshowroom\index.php(13): CApplication->run()
#5 {main}
REQUEST_URI=/heroshowroom/index.php/customers/faq.html
HTTP_REFERER=http://localhost/heroshowroom/index.php/customers/admin
---
2015/03/21 14:43:12 [error] [exception.CHttpException.404] exception 'CHttpException' with message 'The system is unable to find the requested action "guidely.html".' in C:\wamp\www\yii\framework\web\CController.php:483
Stack trace:
#0 C:\wamp\www\yii\framework\web\CController.php(270): CController->missingAction('guidely.html')
#1 C:\wamp\www\yii\framework\web\CWebApplication.php(282): CController->run('guidely.html')
#2 C:\wamp\www\yii\framework\web\CWebApplication.php(141): CWebApplication->runController('customers/guide...')
#3 C:\wamp\www\yii\framework\base\CApplication.php(180): CWebApplication->processRequest()
#4 C:\wamp\www\heroshowroom\index.php(13): CApplication->run()
#5 {main}
REQUEST_URI=/heroshowroom/index.php/customers/guidely.html
HTTP_REFERER=http://localhost/heroshowroom/index.php/customers/admin
---
2015/03/21 14:55:50 [error] [exception.CException] exception 'CException' with message 'Either "name" or "value" must be specified for CDataColumn.' in C:\wamp\www\yii\framework\zii\widgets\grid\CDataColumn.php:84
Stack trace:
#0 C:\wamp\www\yii\framework\zii\widgets\grid\CGridView.php(401): CDataColumn->init()
#1 C:\wamp\www\yii\framework\zii\widgets\grid\CGridView.php(359): CGridView->initColumns()
#2 C:\wamp\www\yii\framework\web\CBaseController.php(147): CGridView->init()
#3 C:\wamp\www\yii\framework\web\CBaseController.php(172): CBaseController->createWidget('zii.widgets.gri...', Array)
#4 C:\wamp\www\heroshowroom\protected\views\customers\admin.php(58): CBaseController->widget('zii.widgets.gri...', Array)
#5 C:\wamp\www\yii\framework\web\CBaseController.php(126): require('C:\wamp\www\her...')
#6 C:\wamp\www\yii\framework\web\CBaseController.php(95): CBaseController->renderInternal('C:\wamp\www\her...', Array, true)
#7 C:\wamp\www\yii\framework\web\CController.php(869): CBaseController->renderFile('C:\wamp\www\her...', Array, true)
#8 C:\wamp\www\yii\framework\web\CController.php(782): CController->renderPartial('admin', Array, true)
#9 C:\wamp\www\heroshowroom\protected\controllers\CustomersController.php(143): CController->render('admin', Array)
#10 C:\wamp\www\yii\framework\web\actions\CInlineAction.php(49): CustomersController->actionAdmin()
#11 C:\wamp\www\yii\framework\web\CController.php(308): CInlineAction->runWithParams(Array)
#12 C:\wamp\www\yii\framework\web\filters\CFilterChain.php(133): CController->runAction(Object(CInlineAction))
#13 C:\wamp\www\yii\framework\web\filters\CFilter.php(40): CFilterChain->run()
#14 C:\wamp\www\yii\framework\web\CController.php(1145): CFilter->filter(Object(CFilterChain))
#15 C:\wamp\www\yii\framework\web\filters\CInlineFilter.php(58): CController->filterAccessControl(Object(CFilterChain))
#16 C:\wamp\www\yii\framework\web\filters\CFilterChain.php(130): CInlineFilter->filter(Object(CFilterChain))
#17 C:\wamp\www\yii\framework\web\CController.php(291): CFilterChain->run()
#18 C:\wamp\www\yii\framework\web\CController.php(265): CController->runActionWithFilters(Object(CInlineAction), Array)
#19 C:\wamp\www\yii\framework\web\CWebApplication.php(282): CController->run('admin')
#20 C:\wamp\www\yii\framework\web\CWebApplication.php(141): CWebApplication->runController('customers/admin')
#21 C:\wamp\www\yii\framework\base\CApplication.php(180): CWebApplication->processRequest()
#22 C:\wamp\www\heroshowroom\index.php(13): CApplication->run()
#23 {main}
REQUEST_URI=/heroshowroom/index.php/customers/admin
HTTP_REFERER=http://localhost/heroshowroom/index.php/customers/guidely.html
---
2015/03/21 15:06:21 [error] [exception.CException] exception 'CException' with message 'CActiveForm and its behaviors do not have a method or closure named "datePicker".' in C:\wamp\www\yii\framework\base\CComponent.php:266
Stack trace:
#0 C:\wamp\www\heroshowroom\protected\views\customers\_form.php(52): CComponent->__call('datePicker', Array)
#1 C:\wamp\www\heroshowroom\protected\views\customers\_form.php(52): CActiveForm->datePicker()
#2 C:\wamp\www\yii\framework\web\CBaseController.php(126): require('C:\wamp\www\her...')
#3 C:\wamp\www\yii\framework\web\CBaseController.php(95): CBaseController->renderInternal('C:\wamp\www\her...', Array, true)
#4 C:\wamp\www\yii\framework\web\CController.php(869): CBaseController->renderFile('C:\wamp\www\her...', Array, true)
#5 C:\wamp\www\heroshowroom\protected\views\customers\create.php(15): CController->renderPartial('_form', Array)
#6 C:\wamp\www\yii\framework\web\CBaseController.php(126): require('C:\wamp\www\her...')
#7 C:\wamp\www\yii\framework\web\CBaseController.php(95): CBaseController->renderInternal('C:\wamp\www\her...', Array, true)
#8 C:\wamp\www\yii\framework\web\CController.php(869): CBaseController->renderFile('C:\wamp\www\her...', Array, true)
#9 C:\wamp\www\yii\framework\web\CController.php(782): CController->renderPartial('create', Array, true)
#10 C:\wamp\www\heroshowroom\protected\controllers\CustomersController.php(79): CController->render('create', Array)
#11 C:\wamp\www\yii\framework\web\actions\CInlineAction.php(49): CustomersController->actionCreate()
#12 C:\wamp\www\yii\framework\web\CController.php(308): CInlineAction->runWithParams(Array)
#13 C:\wamp\www\yii\framework\web\filters\CFilterChain.php(133): CController->runAction(Object(CInlineAction))
#14 C:\wamp\www\yii\framework\web\filters\CFilter.php(40): CFilterChain->run()
#15 C:\wamp\www\yii\framework\web\CController.php(1145): CFilter->filter(Object(CFilterChain))
#16 C:\wamp\www\yii\framework\web\filters\CInlineFilter.php(58): CController->filterAccessControl(Object(CFilterChain))
#17 C:\wamp\www\yii\framework\web\filters\CFilterChain.php(130): CInlineFilter->filter(Object(CFilterChain))
#18 C:\wamp\www\yii\framework\web\CController.php(291): CFilterChain->run()
#19 C:\wamp\www\yii\framework\web\CController.php(265): CController->runActionWithFilters(Object(CInlineAction), Array)
#20 C:\wamp\www\yii\framework\web\CWebApplication.php(282): CController->run('create')
#21 C:\wamp\www\yii\framework\web\CWebApplication.php(141): CWebApplication->runController('customers/creat...')
#22 C:\wamp\www\yii\framework\base\CApplication.php(180): CWebApplication->processRequest()
#23 C:\wamp\www\heroshowroom\index.php(13): CApplication->run()
#24 {main}
REQUEST_URI=/heroshowroom/index.php/customers/create
HTTP_REFERER=http://localhost/heroshowroom/index.php/customers/admin
---
2015/03/21 15:08:45 [error] [exception.CException] exception 'CException' with message 'Alias "booster.widgets.TbDatePicker" is invalid. Make sure it points to an existing directory or file.' in C:\wamp\www\yii\framework\YiiBase.php:347
Stack trace:
#0 C:\wamp\www\yii\framework\web\CWidgetFactory.php(146): YiiBase::import('booster.widgets...', true)
#1 C:\wamp\www\yii\framework\web\CBaseController.php(146): CWidgetFactory->createWidget(Object(CustomersController), 'booster.widgets...', Array)
#2 C:\wamp\www\yii\framework\web\CBaseController.php(172): CBaseController->createWidget('booster.widgets...', Array)
#3 C:\wamp\www\heroshowroom\protected\views\customers\_form.php(58): CBaseController->widget('booster.widgets...', Array)
#4 C:\wamp\www\yii\framework\web\CBaseController.php(126): require('C:\wamp\www\her...')
#5 C:\wamp\www\yii\framework\web\CBaseController.php(95): CBaseController->renderInternal('C:\wamp\www\her...', Array, true)
#6 C:\wamp\www\yii\framework\web\CController.php(869): CBaseController->renderFile('C:\wamp\www\her...', Array, true)
#7 C:\wamp\www\heroshowroom\protected\views\customers\create.php(15): CController->renderPartial('_form', Array)
#8 C:\wamp\www\yii\framework\web\CBaseController.php(126): require('C:\wamp\www\her...')
#9 C:\wamp\www\yii\framework\web\CBaseController.php(95): CBaseController->renderInternal('C:\wamp\www\her...', Array, true)
#10 C:\wamp\www\yii\framework\web\CController.php(869): CBaseController->renderFile('C:\wamp\www\her...', Array, true)
#11 C:\wamp\www\yii\framework\web\CController.php(782): CController->renderPartial('create', Array, true)
#12 C:\wamp\www\heroshowroom\protected\controllers\CustomersController.php(79): CController->render('create', Array)
#13 C:\wamp\www\yii\framework\web\actions\CInlineAction.php(49): CustomersController->actionCreate()
#14 C:\wamp\www\yii\framework\web\CController.php(308): CInlineAction->runWithParams(Array)
#15 C:\wamp\www\yii\framework\web\filters\CFilterChain.php(133): CController->runAction(Object(CInlineAction))
#16 C:\wamp\www\yii\framework\web\filters\CFilter.php(40): CFilterChain->run()
#17 C:\wamp\www\yii\framework\web\CController.php(1145): CFilter->filter(Object(CFilterChain))
#18 C:\wamp\www\yii\framework\web\filters\CInlineFilter.php(58): CController->filterAccessControl(Object(CFilterChain))
#19 C:\wamp\www\yii\framework\web\filters\CFilterChain.php(130): CInlineFilter->filter(Object(CFilterChain))
#20 C:\wamp\www\yii\framework\web\CController.php(291): CFilterChain->run()
#21 C:\wamp\www\yii\framework\web\CController.php(265): CController->runActionWithFilters(Object(CInlineAction), Array)
#22 C:\wamp\www\yii\framework\web\CWebApplication.php(282): CController->run('create')
#23 C:\wamp\www\yii\framework\web\CWebApplication.php(141): CWebApplication->runController('customers/creat...')
#24 C:\wamp\www\yii\framework\base\CApplication.php(180): CWebApplication->processRequest()
#25 C:\wamp\www\heroshowroom\index.php(13): CApplication->run()
#26 {main}
REQUEST_URI=/heroshowroom/index.php/customers/create
HTTP_REFERER=http://localhost/heroshowroom/index.php/customers/admin
---
2015/03/21 15:12:01 [error] [exception.CException] exception 'CException' with message 'CActiveForm and its behaviors do not have a method or closure named "datepickerRow".' in C:\wamp\www\yii\framework\base\CComponent.php:266
Stack trace:
#0 C:\wamp\www\heroshowroom\protected\views\customers\_form.php(52): CComponent->__call('datepickerRow', Array)
#1 C:\wamp\www\heroshowroom\protected\views\customers\_form.php(52): CActiveForm->datepickerRow(Object(Customers), 'c_date_of_birth', Array)
#2 C:\wamp\www\yii\framework\web\CBaseController.php(126): require('C:\wamp\www\her...')
#3 C:\wamp\www\yii\framework\web\CBaseController.php(95): CBaseController->renderInternal('C:\wamp\www\her...', Array, true)
#4 C:\wamp\www\yii\framework\web\CController.php(869): CBaseController->renderFile('C:\wamp\www\her...', Array, true)
#5 C:\wamp\www\heroshowroom\protected\views\customers\create.php(15): CController->renderPartial('_form', Array)
#6 C:\wamp\www\yii\framework\web\CBaseController.php(126): require('C:\wamp\www\her...')
#7 C:\wamp\www\yii\framework\web\CBaseController.php(95): CBaseController->renderInternal('C:\wamp\www\her...', Array, true)
#8 C:\wamp\www\yii\framework\web\CController.php(869): CBaseController->renderFile('C:\wamp\www\her...', Array, true)
#9 C:\wamp\www\yii\framework\web\CController.php(782): CController->renderPartial('create', Array, true)
#10 C:\wamp\www\heroshowroom\protected\controllers\CustomersController.php(79): CController->render('create', Array)
#11 C:\wamp\www\yii\framework\web\actions\CInlineAction.php(49): CustomersController->actionCreate()
#12 C:\wamp\www\yii\framework\web\CController.php(308): CInlineAction->runWithParams(Array)
#13 C:\wamp\www\yii\framework\web\filters\CFilterChain.php(133): CController->runAction(Object(CInlineAction))
#14 C:\wamp\www\yii\framework\web\filters\CFilter.php(40): CFilterChain->run()
#15 C:\wamp\www\yii\framework\web\CController.php(1145): CFilter->filter(Object(CFilterChain))
#16 C:\wamp\www\yii\framework\web\filters\CInlineFilter.php(58): CController->filterAccessControl(Object(CFilterChain))
#17 C:\wamp\www\yii\framework\web\filters\CFilterChain.php(130): CInlineFilter->filter(Object(CFilterChain))
#18 C:\wamp\www\yii\framework\web\CController.php(291): CFilterChain->run()
#19 C:\wamp\www\yii\framework\web\CController.php(265): CController->runActionWithFilters(Object(CInlineAction), Array)
#20 C:\wamp\www\yii\framework\web\CWebApplication.php(282): CController->run('create')
#21 C:\wamp\www\yii\framework\web\CWebApplication.php(141): CWebApplication->runController('customers/creat...')
#22 C:\wamp\www\yii\framework\base\CApplication.php(180): CWebApplication->processRequest()
#23 C:\wamp\www\heroshowroom\index.php(13): CApplication->run()
#24 {main}
REQUEST_URI=/heroshowroom/index.php/customers/create
HTTP_REFERER=http://localhost/heroshowroom/index.php/customers/admin
---
2015/03/21 15:17:11 [error] [exception.CException] exception 'CException' with message 'Alias "bootstrap.widgets.TbDatePicker" is invalid. Make sure it points to an existing directory or file.' in C:\wamp\www\yii\framework\YiiBase.php:347
Stack trace:
#0 C:\wamp\www\yii\framework\web\CWidgetFactory.php(146): YiiBase::import('bootstrap.widge...', true)
#1 C:\wamp\www\yii\framework\web\CBaseController.php(146): CWidgetFactory->createWidget(Object(CustomersController), 'bootstrap.widge...', Array)
#2 C:\wamp\www\yii\framework\web\CBaseController.php(172): CBaseController->createWidget('bootstrap.widge...', Array)
#3 C:\wamp\www\heroshowroom\protected\views\customers\_form.php(59): CBaseController->widget('bootstrap.widge...', Array)
#4 C:\wamp\www\yii\framework\web\CBaseController.php(126): require('C:\wamp\www\her...')
#5 C:\wamp\www\yii\framework\web\CBaseController.php(95): CBaseController->renderInternal('C:\wamp\www\her...', Array, true)
#6 C:\wamp\www\yii\framework\web\CController.php(869): CBaseController->renderFile('C:\wamp\www\her...', Array, true)
#7 C:\wamp\www\heroshowroom\protected\views\customers\create.php(15): CController->renderPartial('_form', Array)
#8 C:\wamp\www\yii\framework\web\CBaseController.php(126): require('C:\wamp\www\her...')
#9 C:\wamp\www\yii\framework\web\CBaseController.php(95): CBaseController->renderInternal('C:\wamp\www\her...', Array, true)
#10 C:\wamp\www\yii\framework\web\CController.php(869): CBaseController->renderFile('C:\wamp\www\her...', Array, true)
#11 C:\wamp\www\yii\framework\web\CController.php(782): CController->renderPartial('create', Array, true)
#12 C:\wamp\www\heroshowroom\protected\controllers\CustomersController.php(79): CController->render('create', Array)
#13 C:\wamp\www\yii\framework\web\actions\CInlineAction.php(49): CustomersController->actionCreate()
#14 C:\wamp\www\yii\framework\web\CController.php(308): CInlineAction->runWithParams(Array)
#15 C:\wamp\www\yii\framework\web\filters\CFilterChain.php(133): CController->runAction(Object(CInlineAction))
#16 C:\wamp\www\yii\framework\web\filters\CFilter.php(40): CFilterChain->run()
#17 C:\wamp\www\yii\framework\web\CController.php(1145): CFilter->filter(Object(CFilterChain))
#18 C:\wamp\www\yii\framework\web\filters\CInlineFilter.php(58): CController->filterAccessControl(Object(CFilterChain))
#19 C:\wamp\www\yii\framework\web\filters\CFilterChain.php(130): CInlineFilter->filter(Object(CFilterChain))
#20 C:\wamp\www\yii\framework\web\CController.php(291): CFilterChain->run()
#21 C:\wamp\www\yii\framework\web\CController.php(265): CController->runActionWithFilters(Object(CInlineAction), Array)
#22 C:\wamp\www\yii\framework\web\CWebApplication.php(282): CController->run('create')
#23 C:\wamp\www\yii\framework\web\CWebApplication.php(141): CWebApplication->runController('customers/creat...')
#24 C:\wamp\www\yii\framework\base\CApplication.php(180): CWebApplication->processRequest()
#25 C:\wamp\www\heroshowroom\index.php(13): CApplication->run()
#26 {main}
REQUEST_URI=/heroshowroom/index.php/customers/create
HTTP_REFERER=http://localhost/heroshowroom/index.php/customers/admin
---
2015/03/21 15:17:29 [error] [exception.CException] exception 'CException' with message 'Alias "bootstrap.widgets.TbDatePicker" is invalid. Make sure it points to an existing directory or file.' in C:\wamp\www\yii\framework\YiiBase.php:347
Stack trace:
#0 C:\wamp\www\yii\framework\web\CWidgetFactory.php(146): YiiBase::import('bootstrap.widge...', true)
#1 C:\wamp\www\yii\framework\web\CBaseController.php(146): CWidgetFactory->createWidget(Object(CActiveForm), 'bootstrap.widge...', Array)
#2 C:\wamp\www\yii\framework\web\CBaseController.php(172): CBaseController->createWidget('bootstrap.widge...', Array)
#3 C:\wamp\www\heroshowroom\protected\views\customers\_form.php(59): CBaseController->widget('bootstrap.widge...', Array)
#4 C:\wamp\www\yii\framework\web\CBaseController.php(126): require('C:\wamp\www\her...')
#5 C:\wamp\www\yii\framework\web\CBaseController.php(95): CBaseController->renderInternal('C:\wamp\www\her...', Array, true)
#6 C:\wamp\www\yii\framework\web\CController.php(869): CBaseController->renderFile('C:\wamp\www\her...', Array, true)
#7 C:\wamp\www\heroshowroom\protected\views\customers\create.php(15): CController->renderPartial('_form', Array)
#8 C:\wamp\www\yii\framework\web\CBaseController.php(126): require('C:\wamp\www\her...')
#9 C:\wamp\www\yii\framework\web\CBaseController.php(95): CBaseController->renderInternal('C:\wamp\www\her...', Array, true)
#10 C:\wamp\www\yii\framework\web\CController.php(869): CBaseController->renderFile('C:\wamp\www\her...', Array, true)
#11 C:\wamp\www\yii\framework\web\CController.php(782): CController->renderPartial('create', Array, true)
#12 C:\wamp\www\heroshowroom\protected\controllers\CustomersController.php(79): CController->render('create', Array)
#13 C:\wamp\www\yii\framework\web\actions\CInlineAction.php(49): CustomersController->actionCreate()
#14 C:\wamp\www\yii\framework\web\CController.php(308): CInlineAction->runWithParams(Array)
#15 C:\wamp\www\yii\framework\web\filters\CFilterChain.php(133): CController->runAction(Object(CInlineAction))
#16 C:\wamp\www\yii\framework\web\filters\CFilter.php(40): CFilterChain->run()
#17 C:\wamp\www\yii\framework\web\CController.php(1145): CFilter->filter(Object(CFilterChain))
#18 C:\wamp\www\yii\framework\web\filters\CInlineFilter.php(58): CController->filterAccessControl(Object(CFilterChain))
#19 C:\wamp\www\yii\framework\web\filters\CFilterChain.php(130): CInlineFilter->filter(Object(CFilterChain))
#20 C:\wamp\www\yii\framework\web\CController.php(291): CFilterChain->run()
#21 C:\wamp\www\yii\framework\web\CController.php(265): CController->runActionWithFilters(Object(CInlineAction), Array)
#22 C:\wamp\www\yii\framework\web\CWebApplication.php(282): CController->run('create')
#23 C:\wamp\www\yii\framework\web\CWebApplication.php(141): CWebApplication->runController('customers/creat...')
#24 C:\wamp\www\yii\framework\base\CApplication.php(180): CWebApplication->processRequest()
#25 C:\wamp\www\heroshowroom\index.php(13): CApplication->run()
#26 {main}
REQUEST_URI=/heroshowroom/index.php/customers/create
HTTP_REFERER=http://localhost/heroshowroom/index.php/customers/admin
---
2015/03/21 15:17:33 [error] [exception.CException] exception 'CException' with message 'Alias "bootstrap.widgets.TbDatePicker" is invalid. Make sure it points to an existing directory or file.' in C:\wamp\www\yii\framework\YiiBase.php:347
Stack trace:
#0 C:\wamp\www\yii\framework\web\CWidgetFactory.php(146): YiiBase::import('bootstrap.widge...', true)
#1 C:\wamp\www\yii\framework\web\CBaseController.php(146): CWidgetFactory->createWidget(Object(CActiveForm), 'bootstrap.widge...', Array)
#2 C:\wamp\www\yii\framework\web\CBaseController.php(172): CBaseController->createWidget('bootstrap.widge...', Array)
#3 C:\wamp\www\heroshowroom\protected\views\customers\_form.php(59): CBaseController->widget('bootstrap.widge...', Array)
#4 C:\wamp\www\yii\framework\web\CBaseController.php(126): require('C:\wamp\www\her...')
#5 C:\wamp\www\yii\framework\web\CBaseController.php(95): CBaseController->renderInternal('C:\wamp\www\her...', Array, true)
#6 C:\wamp\www\yii\framework\web\CController.php(869): CBaseController->renderFile('C:\wamp\www\her...', Array, true)
#7 C:\wamp\www\heroshowroom\protected\views\customers\create.php(15): CController->renderPartial('_form', Array)
#8 C:\wamp\www\yii\framework\web\CBaseController.php(126): require('C:\wamp\www\her...')
#9 C:\wamp\www\yii\framework\web\CBaseController.php(95): CBaseController->renderInternal('C:\wamp\www\her...', Array, true)
#10 C:\wamp\www\yii\framework\web\CController.php(869): CBaseController->renderFile('C:\wamp\www\her...', Array, true)
#11 C:\wamp\www\yii\framework\web\CController.php(782): CController->renderPartial('create', Array, true)
#12 C:\wamp\www\heroshowroom\protected\controllers\CustomersController.php(79): CController->render('create', Array)
#13 C:\wamp\www\yii\framework\web\actions\CInlineAction.php(49): CustomersController->actionCreate()
#14 C:\wamp\www\yii\framework\web\CController.php(308): CInlineAction->runWithParams(Array)
#15 C:\wamp\www\yii\framework\web\filters\CFilterChain.php(133): CController->runAction(Object(CInlineAction))
#16 C:\wamp\www\yii\framework\web\filters\CFilter.php(40): CFilterChain->run()
#17 C:\wamp\www\yii\framework\web\CController.php(1145): CFilter->filter(Object(CFilterChain))
#18 C:\wamp\www\yii\framework\web\filters\CInlineFilter.php(58): CController->filterAccessControl(Object(CFilterChain))
#19 C:\wamp\www\yii\framework\web\filters\CFilterChain.php(130): CInlineFilter->filter(Object(CFilterChain))
#20 C:\wamp\www\yii\framework\web\CController.php(291): CFilterChain->run()
#21 C:\wamp\www\yii\framework\web\CController.php(265): CController->runActionWithFilters(Object(CInlineAction), Array)
#22 C:\wamp\www\yii\framework\web\CWebApplication.php(282): CController->run('create')
#23 C:\wamp\www\yii\framework\web\CWebApplication.php(141): CWebApplication->runController('customers/creat...')
#24 C:\wamp\www\yii\framework\base\CApplication.php(180): CWebApplication->processRequest()
#25 C:\wamp\www\heroshowroom\index.php(13): CApplication->run()
#26 {main}
REQUEST_URI=/heroshowroom/index.php/customers/create
HTTP_REFERER=http://localhost/heroshowroom/index.php/customers/admin
---
2015/03/21 15:21:02 [error] [exception.CException] exception 'CException' with message 'Property "Customers.datecolumn_name" is not defined.' in C:\wamp\www\yii\framework\base\CComponent.php:130
Stack trace:
#0 C:\wamp\www\yii\framework\db\ar\CActiveRecord.php(145): CComponent->__get('datecolumn_name')
#1 C:\wamp\www\heroshowroom\protected\views\customers\_form.php(55): CActiveRecord->__get('datecolumn_name')
#2 C:\wamp\www\yii\framework\web\CBaseController.php(126): require('C:\wamp\www\her...')
#3 C:\wamp\www\yii\framework\web\CBaseController.php(95): CBaseController->renderInternal('C:\wamp\www\her...', Array, true)
#4 C:\wamp\www\yii\framework\web\CController.php(869): CBaseController->renderFile('C:\wamp\www\her...', Array, true)
#5 C:\wamp\www\heroshowroom\protected\views\customers\create.php(15): CController->renderPartial('_form', Array)
#6 C:\wamp\www\yii\framework\web\CBaseController.php(126): require('C:\wamp\www\her...')
#7 C:\wamp\www\yii\framework\web\CBaseController.php(95): CBaseController->renderInternal('C:\wamp\www\her...', Array, true)
#8 C:\wamp\www\yii\framework\web\CController.php(869): CBaseController->renderFile('C:\wamp\www\her...', Array, true)
#9 C:\wamp\www\yii\framework\web\CController.php(782): CController->renderPartial('create', Array, true)
#10 C:\wamp\www\heroshowroom\protected\controllers\CustomersController.php(79): CController->render('create', Array)
#11 C:\wamp\www\yii\framework\web\actions\CInlineAction.php(49): CustomersController->actionCreate()
#12 C:\wamp\www\yii\framework\web\CController.php(308): CInlineAction->runWithParams(Array)
#13 C:\wamp\www\yii\framework\web\filters\CFilterChain.php(133): CController->runAction(Object(CInlineAction))
#14 C:\wamp\www\yii\framework\web\filters\CFilter.php(40): CFilterChain->run()
#15 C:\wamp\www\yii\framework\web\CController.php(1145): CFilter->filter(Object(CFilterChain))
#16 C:\wamp\www\yii\framework\web\filters\CInlineFilter.php(58): CController->filterAccessControl(Object(CFilterChain))
#17 C:\wamp\www\yii\framework\web\filters\CFilterChain.php(130): CInlineFilter->filter(Object(CFilterChain))
#18 C:\wamp\www\yii\framework\web\CController.php(291): CFilterChain->run()
#19 C:\wamp\www\yii\framework\web\CController.php(265): CController->runActionWithFilters(Object(CInlineAction), Array)
#20 C:\wamp\www\yii\framework\web\CWebApplication.php(282): CController->run('create')
#21 C:\wamp\www\yii\framework\web\CWebApplication.php(141): CWebApplication->runController('customers/creat...')
#22 C:\wamp\www\yii\framework\base\CApplication.php(180): CWebApplication->processRequest()
#23 C:\wamp\www\heroshowroom\index.php(13): CApplication->run()
#24 {main}
REQUEST_URI=/heroshowroom/index.php/customers/create
HTTP_REFERER=http://localhost/heroshowroom/index.php/customers/admin
---
2015/03/21 15:25:29 [error] [exception.CException] exception 'CException' with message 'Property "Customers.birthday" is not defined.' in C:\wamp\www\yii\framework\base\CComponent.php:130
Stack trace:
#0 C:\wamp\www\yii\framework\db\ar\CActiveRecord.php(145): CComponent->__get('birthday')
#1 C:\wamp\www\yii\framework\web\helpers\CHtml.php(2529): CActiveRecord->__get('birthday')
#2 C:\wamp\www\yii\framework\web\helpers\CHtml.php(2252): CHtml::resolveValue(Object(Customers), 'birthday')
#3 C:\wamp\www\yii\framework\web\helpers\CHtml.php(1434): CHtml::activeInputField('text', Object(Customers), 'birthday', Array)
#4 C:\wamp\www\yii\framework\zii\widgets\jui\CJuiDatePicker.php(84): CHtml::activeTextField(Object(Customers), 'birthday', Array)
#5 C:\wamp\www\yii\framework\web\CBaseController.php(173): CJuiDatePicker->run()
#6 C:\wamp\www\heroshowroom\protected\views\customers\_form.php(59): CBaseController->widget('zii.widgets.jui...', Array)
#7 C:\wamp\www\yii\framework\web\CBaseController.php(126): require('C:\wamp\www\her...')
#8 C:\wamp\www\yii\framework\web\CBaseController.php(95): CBaseController->renderInternal('C:\wamp\www\her...', Array, true)
#9 C:\wamp\www\yii\framework\web\CController.php(869): CBaseController->renderFile('C:\wamp\www\her...', Array, true)
#10 C:\wamp\www\heroshowroom\protected\views\customers\create.php(15): CController->renderPartial('_form', Array)
#11 C:\wamp\www\yii\framework\web\CBaseController.php(126): require('C:\wamp\www\her...')
#12 C:\wamp\www\yii\framework\web\CBaseController.php(95): CBaseController->renderInternal('C:\wamp\www\her...', Array, true)
#13 C:\wamp\www\yii\framework\web\CController.php(869): CBaseController->renderFile('C:\wamp\www\her...', Array, true)
#14 C:\wamp\www\yii\framework\web\CController.php(782): CController->renderPartial('create', Array, true)
#15 C:\wamp\www\heroshowroom\protected\controllers\CustomersController.php(79): CController->render('create', Array)
#16 C:\wamp\www\yii\framework\web\actions\CInlineAction.php(49): CustomersController->actionCreate()
#17 C:\wamp\www\yii\framework\web\CController.php(308): CInlineAction->runWithParams(Array)
#18 C:\wamp\www\yii\framework\web\filters\CFilterChain.php(133): CController->runAction(Object(CInlineAction))
#19 C:\wamp\www\yii\framework\web\filters\CFilter.php(40): CFilterChain->run()
#20 C:\wamp\www\yii\framework\web\CController.php(1145): CFilter->filter(Object(CFilterChain))
#21 C:\wamp\www\yii\framework\web\filters\CInlineFilter.php(58): CController->filterAccessControl(Object(CFilterChain))
#22 C:\wamp\www\yii\framework\web\filters\CFilterChain.php(130): CInlineFilter->filter(Object(CFilterChain))
#23 C:\wamp\www\yii\framework\web\CController.php(291): CFilterChain->run()
#24 C:\wamp\www\yii\framework\web\CController.php(265): CController->runActionWithFilters(Object(CInlineAction), Array)
#25 C:\wamp\www\yii\framework\web\CWebApplication.php(282): CController->run('create')
#26 C:\wamp\www\yii\framework\web\CWebApplication.php(141): CWebApplication->runController('customers/creat...')
#27 C:\wamp\www\yii\framework\base\CApplication.php(180): CWebApplication->processRequest()
#28 C:\wamp\www\heroshowroom\index.php(13): CApplication->run()
#29 {main}
REQUEST_URI=/heroshowroom/index.php/customers/create
HTTP_REFERER=http://localhost/heroshowroom/index.php/customers/admin
---
2015/03/21 15:28:46 [error] [exception.CException] exception 'CException' with message 'Property "Customers.due_date" is not defined.' in C:\wamp\www\yii\framework\base\CComponent.php:130
Stack trace:
#0 C:\wamp\www\yii\framework\db\ar\CActiveRecord.php(145): CComponent->__get('due_date')
#1 C:\wamp\www\yii\framework\web\helpers\CHtml.php(2529): CActiveRecord->__get('due_date')
#2 C:\wamp\www\yii\framework\web\helpers\CHtml.php(2252): CHtml::resolveValue(Object(Customers), 'due_date')
#3 C:\wamp\www\yii\framework\web\helpers\CHtml.php(1434): CHtml::activeInputField('text', Object(Customers), 'due_date', Array)
#4 C:\wamp\www\yii\framework\zii\widgets\jui\CJuiDatePicker.php(84): CHtml::activeTextField(Object(Customers), 'due_date', Array)
#5 C:\wamp\www\yii\framework\web\CBaseController.php(173): CJuiDatePicker->run()
#6 C:\wamp\www\heroshowroom\protected\views\customers\_form.php(55): CBaseController->widget('zii.widgets.jui...', Array)
#7 C:\wamp\www\yii\framework\web\CBaseController.php(126): require('C:\wamp\www\her...')
#8 C:\wamp\www\yii\framework\web\CBaseController.php(95): CBaseController->renderInternal('C:\wamp\www\her...', Array, true)
#9 C:\wamp\www\yii\framework\web\CController.php(869): CBaseController->renderFile('C:\wamp\www\her...', Array, true)
#10 C:\wamp\www\heroshowroom\protected\views\customers\create.php(15): CController->renderPartial('_form', Array)
#11 C:\wamp\www\yii\framework\web\CBaseController.php(126): require('C:\wamp\www\her...')
#12 C:\wamp\www\yii\framework\web\CBaseController.php(95): CBaseController->renderInternal('C:\wamp\www\her...', Array, true)
#13 C:\wamp\www\yii\framework\web\CController.php(869): CBaseController->renderFile('C:\wamp\www\her...', Array, true)
#14 C:\wamp\www\yii\framework\web\CController.php(782): CController->renderPartial('create', Array, true)
#15 C:\wamp\www\heroshowroom\protected\controllers\CustomersController.php(79): CController->render('create', Array)
#16 C:\wamp\www\yii\framework\web\actions\CInlineAction.php(49): CustomersController->actionCreate()
#17 C:\wamp\www\yii\framework\web\CController.php(308): CInlineAction->runWithParams(Array)
#18 C:\wamp\www\yii\framework\web\filters\CFilterChain.php(133): CController->runAction(Object(CInlineAction))
#19 C:\wamp\www\yii\framework\web\filters\CFilter.php(40): CFilterChain->run()
#20 C:\wamp\www\yii\framework\web\CController.php(1145): CFilter->filter(Object(CFilterChain))
#21 C:\wamp\www\yii\framework\web\filters\CInlineFilter.php(58): CController->filterAccessControl(Object(CFilterChain))
#22 C:\wamp\www\yii\framework\web\filters\CFilterChain.php(130): CInlineFilter->filter(Object(CFilterChain))
#23 C:\wamp\www\yii\framework\web\CController.php(291): CFilterChain->run()
#24 C:\wamp\www\yii\framework\web\CController.php(265): CController->runActionWithFilters(Object(CInlineAction), Array)
#25 C:\wamp\www\yii\framework\web\CWebApplication.php(282): CController->run('create')
#26 C:\wamp\www\yii\framework\web\CWebApplication.php(141): CWebApplication->runController('customers/creat...')
#27 C:\wamp\www\yii\framework\base\CApplication.php(180): CWebApplication->processRequest()
#28 C:\wamp\www\heroshowroom\index.php(13): CApplication->run()
#29 {main}
REQUEST_URI=/heroshowroom/index.php/customers/create
HTTP_REFERER=http://localhost/heroshowroom/index.php/customers/admin
---
2015/03/21 15:32:59 [error] [exception.CHttpException.404] exception 'CHttpException' with message 'Unable to resolve the request "user/faq.html".' in C:\wamp\www\yii\framework\web\CWebApplication.php:286
Stack trace:
#0 C:\wamp\www\yii\framework\web\CWebApplication.php(141): CWebApplication->runController('user/faq.html')
#1 C:\wamp\www\yii\framework\base\CApplication.php(180): CWebApplication->processRequest()
#2 C:\wamp\www\heroshowroom\index.php(13): CApplication->run()
#3 {main}
REQUEST_URI=/heroshowroom/index.php/user/faq.html
HTTP_REFERER=http://localhost/heroshowroom/index.php/user/login
---
2015/03/21 16:09:36 [error] [exception.CException] exception 'CException' with message 'CActiveForm and its behaviors do not have a method or closure named "activeDateField".' in C:\wamp\www\yii\framework\base\CComponent.php:266
Stack trace:
#0 C:\wamp\www\heroshowroom\protected\views\customers\_form.php(52): CComponent->__call('activeDateField', Array)
#1 C:\wamp\www\heroshowroom\protected\views\customers\_form.php(52): CActiveForm->activeDateField(Object(Customers), 'c_date_of_birth')
#2 C:\wamp\www\yii\framework\web\CBaseController.php(126): require('C:\wamp\www\her...')
#3 C:\wamp\www\yii\framework\web\CBaseController.php(95): CBaseController->renderInternal('C:\wamp\www\her...', Array, true)
#4 C:\wamp\www\yii\framework\web\CController.php(869): CBaseController->renderFile('C:\wamp\www\her...', Array, true)
#5 C:\wamp\www\heroshowroom\protected\views\customers\create.php(15): CController->renderPartial('_form', Array)
#6 C:\wamp\www\yii\framework\web\CBaseController.php(126): require('C:\wamp\www\her...')
#7 C:\wamp\www\yii\framework\web\CBaseController.php(95): CBaseController->renderInternal('C:\wamp\www\her...', Array, true)
#8 C:\wamp\www\yii\framework\web\CController.php(869): CBaseController->renderFile('C:\wamp\www\her...', Array, true)
#9 C:\wamp\www\yii\framework\web\CController.php(782): CController->renderPartial('create', Array, true)
#10 C:\wamp\www\heroshowroom\protected\controllers\CustomersController.php(79): CController->render('create', Array)
#11 C:\wamp\www\yii\framework\web\actions\CInlineAction.php(49): CustomersController->actionCreate()
#12 C:\wamp\www\yii\framework\web\CController.php(308): CInlineAction->runWithParams(Array)
#13 C:\wamp\www\yii\framework\web\filters\CFilterChain.php(133): CController->runAction(Object(CInlineAction))
#14 C:\wamp\www\yii\framework\web\filters\CFilter.php(40): CFilterChain->run()
#15 C:\wamp\www\yii\framework\web\CController.php(1145): CFilter->filter(Object(CFilterChain))
#16 C:\wamp\www\yii\framework\web\filters\CInlineFilter.php(58): CController->filterAccessControl(Object(CFilterChain))
#17 C:\wamp\www\yii\framework\web\filters\CFilterChain.php(130): CInlineFilter->filter(Object(CFilterChain))
#18 C:\wamp\www\yii\framework\web\CController.php(291): CFilterChain->run()
#19 C:\wamp\www\yii\framework\web\CController.php(265): CController->runActionWithFilters(Object(CInlineAction), Array)
#20 C:\wamp\www\yii\framework\web\CWebApplication.php(282): CController->run('create')
#21 C:\wamp\www\yii\framework\web\CWebApplication.php(141): CWebApplication->runController('customers/creat...')
#22 C:\wamp\www\yii\framework\base\CApplication.php(180): CWebApplication->processRequest()
#23 C:\wamp\www\heroshowroom\index.php(13): CApplication->run()
#24 {main}
REQUEST_URI=/heroshowroom/index.php/customers/create
HTTP_REFERER=http://localhost/heroshowroom/index.php/customers/admin
---
2015/03/21 17:34:33 [error] [exception.CHttpException.404] exception 'CHttpException' with message 'The system is unable to find the requested action "guidely.html".' in C:\wamp\www\yii\framework\web\CController.php:483
Stack trace:
#0 C:\wamp\www\yii\framework\web\CController.php(270): CController->missingAction('guidely.html')
#1 C:\wamp\www\yii\framework\web\CWebApplication.php(282): CController->run('guidely.html')
#2 C:\wamp\www\yii\framework\web\CWebApplication.php(141): CWebApplication->runController('customers/guide...')
#3 C:\wamp\www\yii\framework\base\CApplication.php(180): CWebApplication->processRequest()
#4 C:\wamp\www\heroshowroom\index.php(13): CApplication->run()
#5 {main}
REQUEST_URI=/heroshowroom/index.php/customers/guidely.html
HTTP_REFERER=http://localhost/heroshowroom/index.php/customers/admin
---
2015/03/21 17:34:40 [error] [exception.CHttpException.404] exception 'CHttpException' with message 'The system is unable to find the requested action "faq.html".' in C:\wamp\www\yii\framework\web\CController.php:483
Stack trace:
#0 C:\wamp\www\yii\framework\web\CController.php(270): CController->missingAction('faq.html')
#1 C:\wamp\www\yii\framework\web\CWebApplication.php(282): CController->run('faq.html')
#2 C:\wamp\www\yii\framework\web\CWebApplication.php(141): CWebApplication->runController('customers/faq.h...')
#3 C:\wamp\www\yii\framework\base\CApplication.php(180): CWebApplication->processRequest()
#4 C:\wamp\www\heroshowroom\index.php(13): CApplication->run()
#5 {main}
REQUEST_URI=/heroshowroom/index.php/customers/faq.html
HTTP_REFERER=http://localhost/heroshowroom/index.php/customers/guidely.html
---
